2017-03-26 16:12:15.066  INFO 12008 --- [main] by.zarabon.MainApp                       : Starting MainApp on god with PID 12008 (started by Павел in E:\progects\New folder)
2017-03-26 16:12:15.068  INFO 12008 --- [main] by.zarabon.MainApp                       : No active profile set, falling back to default profiles: default
2017-03-26 16:12:15.118  INFO 12008 --- [main] ationConfigEmbeddedWebApplicationContext : Refreshing org.springframework.boot.context.embedded.AnnotationConfigEmbeddedWebApplicationContext@229d10bd: startup date [Sun Mar 26 16:12:15 MSK 2017]; root of context hierarchy
2017-03-26 16:12:16.926  INFO 12008 --- [main] s.b.c.e.t.TomcatEmbeddedServletContainer : Tomcat initialized with port(s): 8080 (http)
2017-03-26 16:12:16.937  INFO 12008 --- [main] o.apache.catalina.core.StandardService   : Starting service Tomcat
2017-03-26 16:12:16.938  INFO 12008 --- [main] org.apache.catalina.core.StandardEngine  : Starting Servlet Engine: Apache Tomcat/8.5.12
2017-03-26 16:12:17.051  INFO 12008 --- [localhost-startStop-1] o.a.c.c.C.[Tomcat].[localhost].[/]       : Initializing Spring embedded WebApplicationContext
2017-03-26 16:12:17.187  INFO 12008 --- [localhost-startStop-1] o.s.b.w.servlet.FilterRegistrationBean   : Mapping filter: 'characterEncodingFilter' to: [/*]
2017-03-26 16:12:17.189  INFO 12008 --- [localhost-startStop-1] .s.DelegatingFilterProxyRegistrationBean : Mapping filter: 'springSecurityFilterChain' to: [/*]
2017-03-26 16:12:17.189  INFO 12008 --- [localhost-startStop-1] o.s.b.w.servlet.ServletRegistrationBean  : Mapping servlet: 'dispatcherServlet' to [/]
2017-03-26 16:12:17.228  INFO 12008 --- [main] o.s.j.d.DriverManagerDataSource          : Loaded JDBC driver: com.mysql.jdbc.Driver
2017-03-26 16:12:17.305  INFO 12008 --- [main] j.LocalContainerEntityManagerFactoryBean : Building JPA container EntityManagerFactory for persistence unit 'default'
2017-03-26 16:12:17.323  INFO 12008 --- [main] o.hibernate.jpa.internal.util.LogHelper  : HHH000204: Processing PersistenceUnitInfo [
	name: default
	...]
2017-03-26 16:12:17.391  INFO 12008 --- [main] org.hibernate.Version                    : HHH000412: Hibernate Core {5.2.8.Final}
2017-03-26 16:12:17.392  INFO 12008 --- [main] org.hibernate.cfg.Environment            : HHH000206: hibernate.properties not found
2017-03-26 16:12:17.435  INFO 12008 --- [main] o.hibernate.annotations.common.Version   : HCANN000001: Hibernate Commons Annotations {5.0.1.Final}
2017-03-26 16:12:17.682  INFO 12008 --- [main] org.hibernate.dialect.Dialect            : HHH000400: Using dialect: org.hibernate.dialect.MySQL5Dialect
2017-03-26 16:12:18.143  INFO 12008 --- [main] j.LocalContainerEntityManagerFactoryBean : Initialized JPA EntityManagerFactory for persistence unit 'default'
2017-03-26 16:12:18.881  INFO 12008 --- [main] o.s.s.web.DefaultSecurityFilterChain     : Creating filter chain: org.springframework.security.web.util.matcher.AnyRequestMatcher@1, [org.springframework.security.web.context.request.async.WebAsyncManagerIntegrationFilter@1e545821, org.springframework.security.web.context.SecurityContextPersistenceFilter@5e1a986c, org.springframework.security.web.header.HeaderWriterFilter@dbddbe3, org.springframework.security.web.authentication.logout.LogoutFilter@773c2214, org.springframework.security.web.authentication.UsernamePasswordAuthenticationFilter@237add, org.springframework.security.web.authentication.ui.DefaultLoginPageGeneratingFilter@11ede87f, org.springframework.security.web.savedrequest.RequestCacheAwareFilter@46a795de, org.springframework.security.web.servletapi.SecurityContextHolderAwareRequestFilter@9cfc77, org.springframework.security.web.authentication.rememberme.RememberMeAuthenticationFilter@6274f21c, org.springframework.security.web.session.SessionManagementFilter@44aa2e13, org.springframework.security.web.access.ExceptionTranslationFilter@412ebe64, org.springframework.security.web.access.intercept.FilterSecurityInterceptor@1c297897]
2017-03-26 16:12:19.164  INFO 12008 --- [main] o.s.j.e.a.AnnotationMBeanExporter        : Registering beans for JMX exposure on startup
2017-03-26 16:12:19.204  INFO 12008 --- [main] s.b.c.e.t.TomcatEmbeddedServletContainer : Tomcat started on port(s): 8080 (http)
2017-03-26 16:12:19.206  INFO 12008 --- [main] by.zarabon.MainApp                       : Started MainApp in 4.334 seconds (JVM running for 4.912)
